<?xml version="1.0" encoding="UTF-8"?>
<!-- Generated by org.testng.reporters.JUnitReportReporter -->
<testsuite hostname="DESKTOP-Q83REVS" failures="0" tests="3" name="Saucelab2.LoginPage" time="4.190" errors="0" timestamp="2022-10-15T14:07:27 EEST" skipped="0">
  <testcase classname="Saucelab2.LoginPage" name="navigate" time="3.623"/>
  <system-out/>
  <testcase classname="Saucelab2.LoginPage" name="credentials" time="0.385"/>
  <system-out/>
  <testcase classname="Saucelab2.LoginPage" name="close" time="0.182"/>
  <system-out/>
</testsuite> <!-- Saucelab2.LoginPage -->
